{
  message: 'Database connecct successfully',
  level: 'info',
  service: 'user-service',
  label: 'phero',
  timestamp: '2023-06-12T08:15:20.224Z'
}
{
  message: 'application listening on port 5000',
  level: 'info',
  service: 'user-service',
  label: 'phero',
  timestamp: '2023-06-12T08:15:20.265Z'
}
{
  message: 'Database connecct successfully',
  level: 'info',
  service: 'user-service',
  label: 'phero',
  timestamp: '2023-06-12T08:25:55.950Z'
}
{
  message: 'application listening on port 5000',
  level: 'info',
  service: 'user-service',
  label: 'phero',
  timestamp: '2023-06-12T08:25:56.009Z'
}
