{
  message: 'Database connecct successfully',
  level: 'info',
  service: 'user-service',
  label: 'phero',
  timestamp: '2023-06-22T12:00:44.688Z'
}
{
  message: 'application listening on port 5000',
  level: 'info',
  service: 'user-service',
  label: 'phero',
  timestamp: '2023-06-22T12:00:44.714Z'
}
{
  message: 'Database connecct successfully',
  level: 'info',
  service: 'user-service',
  label: 'phero',
  timestamp: '2023-06-22T12:06:52.516Z'
}
{
  message: 'application listening on port 5000',
  level: 'info',
  service: 'user-service',
  label: 'phero',
  timestamp: '2023-06-22T12:06:52.529Z'
}
{
  message: 'Database connecct successfully',
  level: 'info',
  service: 'user-service',
  label: 'phero',
  timestamp: '2023-06-22T12:11:27.941Z'
}
{
  message: 'application listening on port 5000',
  level: 'info',
  service: 'user-service',
  label: 'phero',
  timestamp: '2023-06-22T12:11:27.960Z'
}
{
  message: 'Database connecct successfully',
  level: 'info',
  service: 'user-service',
  label: 'phero',
  timestamp: '2023-06-22T12:17:22.928Z'
}
{
  message: 'application listening on port 5000',
  level: 'info',
  service: 'user-service',
  label: 'phero',
  timestamp: '2023-06-22T12:17:22.952Z'
}
{
  message: 'Database connecct successfully',
  level: 'info',
  service: 'user-service',
  label: 'phero',
  timestamp: '2023-06-22T12:20:04.923Z'
}
{
  message: 'application listening on port 5000',
  level: 'info',
  service: 'user-service',
  label: 'phero',
  timestamp: '2023-06-22T12:20:04.948Z'
}
{
  message: 'Database connecct successfully',
  level: 'info',
  service: 'user-service',
  label: 'phero',
  timestamp: '2023-06-22T12:35:50.548Z'
}
{
  message: 'application listening on port 5000',
  level: 'info',
  service: 'user-service',
  label: 'phero',
  timestamp: '2023-06-22T12:35:50.592Z'
}
{
  message: 'Database connecct successfully',
  level: 'info',
  service: 'user-service',
  label: 'phero',
  timestamp: '2023-06-22T12:38:20.081Z'
}
{
  message: 'application listening on port 5000',
  level: 'info',
  service: 'user-service',
  label: 'phero',
  timestamp: '2023-06-22T12:38:20.104Z'
}
