{
  message: 'Database connecct successfully',
  level: 'info',
  service: 'user-service',
  label: 'phero',
  timestamp: '2023-06-11T19:19:31.255Z'
}
{
  message: 'application listening on port 5000',
  level: 'info',
  service: 'user-service',
  label: 'phero',
  timestamp: '2023-06-11T19:19:31.283Z'
}
{
  message: 'Database connecct successfully',
  level: 'info',
  service: 'user-service',
  label: 'phero',
  timestamp: '2023-06-11T19:31:44.885Z'
}
{
  message: 'application listening on port 5000',
  level: 'info',
  service: 'user-service',
  label: 'phero',
  timestamp: '2023-06-11T19:31:44.947Z'
}
{
  message: 'Database connecct successfully',
  level: 'info',
  service: 'user-service',
  label: 'phero',
  timestamp: '2023-06-11T19:31:58.039Z'
}
{
  message: 'application listening on port 5000',
  level: 'info',
  service: 'user-service',
  label: 'phero',
  timestamp: '2023-06-11T19:31:58.088Z'
}
{
  message: 'Database connecct successfully',
  level: 'info',
  service: 'user-service',
  label: 'phero',
  timestamp: '2023-06-11T19:38:08.520Z'
}
{
  message: 'application listening on port 5000',
  level: 'info',
  service: 'user-service',
  label: 'phero',
  timestamp: '2023-06-11T19:38:08.582Z'
}
{
  message: 'Database connecct successfully',
  level: 'info',
  service: 'user-service',
  label: 'phero',
  timestamp: '2023-06-11T19:39:22.073Z'
}
{
  message: 'application listening on port 5000',
  level: 'info',
  service: 'user-service',
  label: 'phero',
  timestamp: '2023-06-11T19:39:22.117Z'
}
