{
  message: 'Database connecct successfully',
  level: 'info',
  service: 'user-service',
  label: 'phero',
  timestamp: '2023-06-22T15:16:55.869Z'
}
{
  message: 'application listening on port 5000',
  level: 'info',
  service: 'user-service',
  label: 'phero',
  timestamp: '2023-06-22T15:16:55.892Z'
}
{
  message: 'Database connecct successfully',
  level: 'info',
  service: 'user-service',
  label: 'phero',
  timestamp: '2023-06-22T15:17:17.222Z'
}
{
  message: 'application listening on port 5000',
  level: 'info',
  service: 'user-service',
  label: 'phero',
  timestamp: '2023-06-22T15:17:17.243Z'
}
{
  message: 'Database connecct successfully',
  level: 'info',
  service: 'user-service',
  label: 'phero',
  timestamp: '2023-06-22T15:18:52.047Z'
}
{
  message: 'application listening on port 5000',
  level: 'info',
  service: 'user-service',
  label: 'phero',
  timestamp: '2023-06-22T15:18:52.071Z'
}
